<?xml version="1.0" encoding="UTF-8"?>
<testng-results ignored="0" total="5" passed="5" failed="0" skipped="0">
  <reporter-output>
  </reporter-output>
  <suite started-at="2024-06-12T16:05:45 IST" name="Testing Medicare scenarios" finished-at="2024-06-12T16:06:13 IST" duration-ms="27675">
    <groups>
    </groups>
    <test started-at="2024-06-12T16:05:45 IST" name="Regression" finished-at="2024-06-12T16:06:13 IST" duration-ms="27675">
      <class name="UserValidation.AddTwoProducts">
        <test-method signature="Signup()[pri:0, instance:UserValidation.AddTwoProducts@55a147cc]" started-at="2024-06-12T16:05:45 IST" name="Signup" finished-at="2024-06-12T16:05:55 IST" duration-ms="10476" status="PASS">
          <reporter-output>
          </reporter-output>
        </test-method> <!-- Signup -->
        <test-method signature="login()[pri:1, instance:UserValidation.AddTwoProducts@55a147cc]" started-at="2024-06-12T16:05:55 IST" name="login" finished-at="2024-06-12T16:05:56 IST" duration-ms="666" status="PASS">
          <reporter-output>
          </reporter-output>
        </test-method> <!-- login -->
        <test-method signature="addOneProduct()[pri:2, instance:UserValidation.AddTwoProducts@55a147cc]" started-at="2024-06-12T16:05:56 IST" name="addOneProduct" finished-at="2024-06-12T16:06:03 IST" duration-ms="6616" status="PASS">
          <reporter-output>
          </reporter-output>
        </test-method> <!-- addOneProduct -->
        <test-method signature="addTwoProd()[pri:3, instance:UserValidation.AddTwoProducts@55a147cc]" started-at="2024-06-12T16:06:03 IST" name="addTwoProd" finished-at="2024-06-12T16:06:08 IST" duration-ms="5644" status="PASS">
          <reporter-output>
          </reporter-output>
        </test-method> <!-- addTwoProd -->
      </class> <!-- UserValidation.AddTwoProducts -->
      <class name="NegativeScenario.LoginIncorrectly">
        <test-method signature="incorrectLogin()[pri:0, instance:NegativeScenario.LoginIncorrectly@54c5a2ff]" started-at="2024-06-12T16:06:08 IST" name="incorrectLogin" finished-at="2024-06-12T16:06:13 IST" duration-ms="4168" status="PASS">
          <reporter-output>
          </reporter-output>
        </test-method> <!-- incorrectLogin -->
      </class> <!-- NegativeScenario.LoginIncorrectly -->
    </test> <!-- Regression -->
  </suite> <!-- Testing Medicare scenarios -->
</testng-results>
