<?xml version="1.0" encoding="UTF-8"?>
<!-- Generated by org.testng.reporters.JUnitXMLReporter -->
<testsuite ignored="0" hostname="DESKTOP-05RELMT" failures="0" tests="5" name="Regression" time="27.675" errors="0" timestamp="2024-06-12T16:06:13 IST">
  <testcase classname="UserValidation.signUp" name="Signup" time="10.476"/>
  <testcase classname="UserValidation.Login" name="login" time="0.666"/>
  <testcase classname="UserValidation.AddProducts" name="addOneProduct" time="6.616"/>
  <testcase classname="UserValidation.AddTwoProducts" name="addTwoProd" time="5.644"/>
  <testcase classname="NegativeScenario.LoginIncorrectly" name="incorrectLogin" time="4.168"/>
</testsuite> <!-- Regression -->
